 - - - - - - -
 - - - - - - -
 - - - - - - -
 - - - - - - -
 - - - - - - -
 - - - - - - -
 - - - - - - -
 a b c d e f g
1:
 - - - - - - -
 - - - - - - -
 - - - - - - -
 - - - - - - -
 - - - - - - -
 - - - - - - -
 - - - 1 - - -
 a b c d e f g
2:
 - - - - - - -
 - - - - - - -
 - - - - - - -
 - - - - - - -
 - - - - - - -
 - - - - - - -
 - - 2 1 - - -
 a b c d e f g
1:
 - - - - - - -
 - - - - - - -
 - - - - - - -
 - - - - - - -
 - - - - - - -
 - - - - - - -
 - 1 2 1 - - -
 a b c d e f g
2:
 - - - - - - -
 - - - - - - -
 - - - - - - -
 - - - - - - -
 - - - - - - -
 - - 2 - - - -
 - 1 2 1 - - -
 a b c d e f g
1:
 - - - - - - -
 - - - - - - -
 - - - - - - -
 - - - - - - -
 - - - - - - -
 - - 2 - - - -
 - 1 2 1 - - 1
 a b c d e f g
2:
 - - - - - - -
 - - - - - - -
 - - - - - - -
 - - - - - - -
 - - - - - - -
 - - 2 - - - 2
 - 1 2 1 - - 1
 a b c d e f g
1:
 - - - - - - -
 - - - - - - -
 - - - - - - -
 - - - - - - -
 - - - - - - 1
 - - 2 - - - 2
 - 1 2 1 - - 1
 a b c d e f g
2:
 - - - - - - -
 - - - - - - -
 - - - - - - -
 - - - - - - 2
 - - - - - - 1
 - - 2 - - - 2
 - 1 2 1 - - 1
 a b c d e f g
1:
 - - - - - - -
 - - - - - - -
 - - - - - - -
 - - - - - - 2
 - - 1 - - - 1
 - - 2 - - - 2
 - 1 2 1 - - 1
 a b c d e f g
2:
 - - - - - - -
 - - - - - - -
 - - - - - - 2
 - - - - - - 2
 - - 1 - - - 1
 - - 2 - - - 2
 - 1 2 1 - - 1
 a b c d e f g
1:
 - - - - - - -
 - - - - - - -
 - - - - - - 2
 - - - - - - 2
 - - 1 - - - 1
 - 1 2 - - - 2
 - 1 2 1 - - 1
 a b c d e f g
2:
 - - - - - - -
 - - - - - - 2
 - - - - - - 2
 - - - - - - 2
 - - 1 - - - 1
 - 1 2 - - - 2
 - 1 2 1 - - 1
 a b c d e f g
1:
 - - - - - - -
 - - - - - - 2
 - - - - - - 2
 - - 1 - - - 2
 - - 1 - - - 1
 - 1 2 - - - 2
 - 1 2 1 - - 1
 a b c d e f g
2:
 - - - - - - -
 - - - - - - 2
 - - - - - - 2
 - - 1 - - - 2
 - - 1 - - - 1
 - 1 2 - - - 2
 - 1 2 1 - 2 1
 a b c d e f g
1:
 - - - - - - -
 - - - - - - 2
 - - - - - - 2
 - - 1 - - - 2
 - - 1 - - - 1
 - 1 2 - - - 2
 1 1 2 1 - 2 1
 a b c d e f g
2:
 - - - - - - -
 - - - - - - 2
 - - - - - - 2
 - - 1 - - - 2
 - - 1 - - - 1
 - 1 2 - - - 2
 1 1 2 1 2 2 1
 a b c d e f g
1:
 - - - - - - -
 - - - - - - 2
 - - - - - - 2
 - - 1 - - - 2
 - - 1 - - - 1
 - 1 2 1 - - 2
 1 1 2 1 2 2 1
 a b c d e f g
2:
 - - - - - - -
 - - - - - - 2
 - - - - - - 2
 - - 1 - - - 2
 - 2 1 - - - 1
 - 1 2 1 - - 2
 1 1 2 1 2 2 1
 a b c d e f g
1:
 - - - - - - -
 - - - - - - 2
 - - - - - - 2
 - - 1 - - - 2
 - 2 1 - - - 1
 - 1 2 1 1 - 2
 1 1 2 1 2 2 1
 a b c d e f g
2:
 - - - - - - -
 - - - - - - 2
 - - - - - - 2
 - - 1 - - - 2
 - 2 1 2 - - 1
 - 1 2 1 1 - 2
 1 1 2 1 2 2 1
 a b c d e f g
1:
 - - - - - - -
 - - - - - - 2
 - - - - - - 2
 - - 1 - - - 2
 - 2 1 2 1 - 1
 - 1 2 1 1 - 2
 1 1 2 1 2 2 1
 a b c d e f g
2:
 - - - - - - -
 - - - - - - 2
 - - - - - - 2
 - - 1 2 - - 2
 - 2 1 2 1 - 1
 - 1 2 1 1 - 2
 1 1 2 1 2 2 1
 a b c d e f g
1:
 - - - - - - -
 - - - - - - 2
 - - - - - - 2
 - - 1 2 - - 2
 - 2 1 2 1 - 1
 - 1 2 1 1 1 2
 1 1 2 1 2 2 1
 a b c d e f g
2:
 - - - - - - 2
 - - - - - - 2
 - - - - - - 2
 - - 1 2 - - 2
 - 2 1 2 1 - 1
 - 1 2 1 1 1 2
 1 1 2 1 2 2 1
 a b c d e f g
1:
 - - - - - - 2
 - - - - - - 2
 - - - - - - 2
 - - 1 2 1 - 2
 - 2 1 2 1 - 1
 - 1 2 1 1 1 2
 1 1 2 1 2 2 1
 a b c d e f g
2:
 - - - - - - 2
 - - - - - - 2
 - - - - - - 2
 - - 1 2 1 - 2
 - 2 1 2 1 2 1
 - 1 2 1 1 1 2
 1 1 2 1 2 2 1
 a b c d e f g
1:
 - - - - - - 2
 - - - - - - 2
 - - - - - - 2
 - 1 1 2 1 - 2
 - 2 1 2 1 2 1
 - 1 2 1 1 1 2
 1 1 2 1 2 2 1
 a b c d e f g
2:
 - - - - - - 2
 - - - - - - 2
 - - - - 2 - 2
 - 1 1 2 1 - 2
 - 2 1 2 1 2 1
 - 1 2 1 1 1 2
 1 1 2 1 2 2 1
 a b c d e f g
1:
 - - - - - - 2
 - - - - - - 2
 - - 1 - 2 - 2
 - 1 1 2 1 - 2
 - 2 1 2 1 2 1
 - 1 2 1 1 1 2
 1 1 2 1 2 2 1
 a b c d e f g
2:
 - - - - - - 2
 - - - - - - 2
 - 2 1 - 2 - 2
 - 1 1 2 1 - 2
 - 2 1 2 1 2 1
 - 1 2 1 1 1 2
 1 1 2 1 2 2 1
 a b c d e f g
1:
 - - - - - - 2
 - - - - - - 2
 - 2 1 - 2 - 2
 - 1 1 2 1 1 2
 - 2 1 2 1 2 1
 - 1 2 1 1 1 2
 1 1 2 1 2 2 1
 a b c d e f g
2:
 - - - - - - 2
 - 2 - - - - 2
 - 2 1 - 2 - 2
 - 1 1 2 1 1 2
 - 2 1 2 1 2 1
 - 1 2 1 1 1 2
 1 1 2 1 2 2 1
 a b c d e f g
1:
 - 1 - - - - 2
 - 2 - - - - 2
 - 2 1 - 2 - 2
 - 1 1 2 1 1 2
 - 2 1 2 1 2 1
 - 1 2 1 1 1 2
 1 1 2 1 2 2 1
 a b c d e f g
2:
 - 1 - - - - 2
 - 2 - - - - 2
 - 2 1 - 2 - 2
 - 1 1 2 1 1 2
 - 2 1 2 1 2 1
 2 1 2 1 1 1 2
 1 1 2 1 2 2 1
 a b c d e f g
1:
 - 1 - - - - 2
 - 2 - - - - 2
 - 2 1 - 2 - 2
 - 1 1 2 1 1 2
 1 2 1 2 1 2 1
 2 1 2 1 1 1 2
 1 1 2 1 2 2 1
 a b c d e f g
1!
