 - - - - - - - - - - - - - - -
 - - - - - - - - - - - - - - -
 - - - - - - - - - - - - - - -
 - - - - - - - - - - - - - - -
 - - - - - - - - - - - - - - -
 - - - - - - - - - - - - - - -
 - - - - - - - - - - - - - - -
 - - - - - - - - - - - - - - -
 - - - - - - - - - - - - - - -
 - - - - - - - - - - - - - - -
 - - - - - - - - - - - - - - -
 - - - - - - - - - - - - - - -
 - - - - - - - - - - - - - - -
 - - - - - - - - - - - - - - -
 - - - - - - - - - - - - - - -
 - - - - - - - - - - - - - - -
 - - - - - - - - - - - - - - -
 - - - - - - - - - - - - - - -
 - - - - - - - - - - - - - - -
 - - - - - - - - - - - - - - -
 - - - - - - - - - - - - - - -
 - - - - - - - - - - - - - - -
 - - - - - - - - - - - - - - -
 - - - - - - - - - - - - - - -
 - - - - - - - - - - - - - - -
 - - - - - - - - - - - - - - -
 a b c d e f g h i j k l m n o
1:
 - - - - - - - - - - - - - - -
 - - - - - - - - - - - - - - -
 - - - - - - - - - - - - - - -
 - - - - - - - - - - - - - - -
 - - - - - - - - - - - - - - -
 - - - - - - - - - - - - - - -
 - - - - - - - - - - - - - - -
 - - - - - - - - - - - - - - -
 - - - - - - - - - - - - - - -
 - - - - - - - - - - - - - - -
 - - - - - - - - - - - - - - -
 - - - - - - - - - - - - - - -
 - - - - - - - - - - - - - - -
 - - - - - - - - - - - - - - -
 - - - - - - - - - - - - - - -
 - - - - - - - - - - - - - - -
 - - - - - - - - - - - - - - -
 - - - - - - - - - - - - - - -
 - - - - - - - - - - - - - - -
 - - - - - - - - - - - - - - -
 - - - - - - - - - - - - - - -
 - - - - - - - - - - - - - - -
 - - - - - - - - - - - - - - -
 - - - - - - - - - - - - - - -
 - - - - - - - - - - - - - - -
 1 - - - - - - - - - - - - - -
 a b c d e f g h i j k l m n o
2:
 - - - - - - - - - - - - - - -
 - - - - - - - - - - - - - - -
 - - - - - - - - - - - - - - -
 - - - - - - - - - - - - - - -
 - - - - - - - - - - - - - - -
 - - - - - - - - - - - - - - -
 - - - - - - - - - - - - - - -
 - - - - - - - - - - - - - - -
 - - - - - - - - - - - - - - -
 - - - - - - - - - - - - - - -
 - - - - - - - - - - - - - - -
 - - - - - - - - - - - - - - -
 - - - - - - - - - - - - - - -
 - - - - - - - - - - - - - - -
 - - - - - - - - - - - - - - -
 - - - - - - - - - - - - - - -
 - - - - - - - - - - - - - - -
 - - - - - - - - - - - - - - -
 - - - - - - - - - - - - - - -
 - - - - - - - - - - - - - - -
 - - - - - - - - - - - - - - -
 - - - - - - - - - - - - - - -
 - - - - - - - - - - - - - - -
 - - - - - - - - - - - - - - -
 - - - - - - - - - - - - - - -
 1 - - - - - - 2 - - - - - - -
 a b c d e f g h i j k l m n o
1:
 - - - - - - - - - - - - - - -
 - - - - - - - - - - - - - - -
 - - - - - - - - - - - - - - -
 - - - - - - - - - - - - - - -
 - - - - - - - - - - - - - - -
 - - - - - - - - - - - - - - -
 - - - - - - - - - - - - - - -
 - - - - - - - - - - - - - - -
 - - - - - - - - - - - - - - -
 - - - - - - - - - - - - - - -
 - - - - - - - - - - - - - - -
 - - - - - - - - - - - - - - -
 - - - - - - - - - - - - - - -
 - - - - - - - - - - - - - - -
 - - - - - - - - - - - - - - -
 - - - - - - - - - - - - - - -
 - - - - - - - - - - - - - - -
 - - - - - - - - - - - - - - -
 - - - - - - - - - - - - - - -
 - - - - - - - - - - - - - - -
 - - - - - - - - - - - - - - -
 - - - - - - - - - - - - - - -
 - - - - - - - - - - - - - - -
 - - - - - - - - - - - - - - -
 - - - - - - - - - - - - - - -
 1 - - - - - - 2 - - 1 - - - -
 a b c d e f g h i j k l m n o
2:
 - - - - - - - - - - - - - - -
 - - - - - - - - - - - - - - -
 - - - - - - - - - - - - - - -
 - - - - - - - - - - - - - - -
 - - - - - - - - - - - - - - -
 - - - - - - - - - - - - - - -
 - - - - - - - - - - - - - - -
 - - - - - - - - - - - - - - -
 - - - - - - - - - - - - - - -
 - - - - - - - - - - - - - - -
 - - - - - - - - - - - - - - -
 - - - - - - - - - - - - - - -
 - - - - - - - - - - - - - - -
 - - - - - - - - - - - - - - -
 - - - - - - - - - - - - - - -
 - - - - - - - - - - - - - - -
 - - - - - - - - - - - - - - -
 - - - - - - - - - - - - - - -
 - - - - - - - - - - - - - - -
 - - - - - - - - - - - - - - -
 - - - - - - - - - - - - - - -
 - - - - - - - - - - - - - - -
 - - - - - - - - - - - - - - -
 - - - - - - - - - - - - - - -
 - - - - - - - 2 - - - - - - -
 1 - - - - - - 2 - - 1 - - - -
 a b c d e f g h i j k l m n o
1:
 - - - - - - - - - - - - - - -
 - - - - - - - - - - - - - - -
 - - - - - - - - - - - - - - -
 - - - - - - - - - - - - - - -
 - - - - - - - - - - - - - - -
 - - - - - - - - - - - - - - -
 - - - - - - - - - - - - - - -
 - - - - - - - - - - - - - - -
 - - - - - - - - - - - - - - -
 - - - - - - - - - - - - - - -
 - - - - - - - - - - - - - - -
 - - - - - - - - - - - - - - -
 - - - - - - - - - - - - - - -
 - - - - - - - - - - - - - - -
 - - - - - - - - - - - - - - -
 - - - - - - - - - - - - - - -
 - - - - - - - - - - - - - - -
 - - - - - - - - - - - - - - -
 - - - - - - - - - - - - - - -
 - - - - - - - - - - - - - - -
 - - - - - - - - - - - - - - -
 - - - - - - - - - - - - - - -
 - - - - - - - - - - - - - - -
 - - - - - - - - - - - - - - -
 - - - - - - - 2 - - - - - - -
 1 - - - - - - 2 - - 1 1 - - -
 a b c d e f g h i j k l m n o
2:
 - - - - - - - - - - - - - - -
 - - - - - - - - - - - - - - -
 - - - - - - - - - - - - - - -
 - - - - - - - - - - - - - - -
 - - - - - - - - - - - - - - -
 - - - - - - - - - - - - - - -
 - - - - - - - - - - - - - - -
 - - - - - - - - - - - - - - -
 - - - - - - - - - - - - - - -
 - - - - - - - - - - - - - - -
 - - - - - - - - - - - - - - -
 - - - - - - - - - - - - - - -
 - - - - - - - - - - - - - - -
 - - - - - - - - - - - - - - -
 - - - - - - - - - - - - - - -
 - - - - - - - - - - - - - - -
 - - - - - - - - - - - - - - -
 - - - - - - - - - - - - - - -
 - - - - - - - - - - - - - - -
 - - - - - - - - - - - - - - -
 - - - - - - - - - - - - - - -
 - - - - - - - - - - - - - - -
 - - - - - - - - - - - - - - -
 - - - - - - - - - - - - - - -
 - - - - - - - 2 - - - - - - -
 1 - - - - - - 2 - 2 1 1 - - -
 a b c d e f g h i j k l m n o
1:
 - - - - - - - - - - - - - - -
 - - - - - - - - - - - - - - -
 - - - - - - - - - - - - - - -
 - - - - - - - - - - - - - - -
 - - - - - - - - - - - - - - -
 - - - - - - - - - - - - - - -
 - - - - - - - - - - - - - - -
 - - - - - - - - - - - - - - -
 - - - - - - - - - - - - - - -
 - - - - - - - - - - - - - - -
 - - - - - - - - - - - - - - -
 - - - - - - - - - - - - - - -
 - - - - - - - - - - - - - - -
 - - - - - - - - - - - - - - -
 - - - - - - - - - - - - - - -
 - - - - - - - - - - - - - - -
 - - - - - - - - - - - - - - -
 - - - - - - - - - - - - - - -
 - - - - - - - - - - - - - - -
 - - - - - - - - - - - - - - -
 - - - - - - - - - - - - - - -
 - - - - - - - - - - - - - - -
 - - - - - - - - - - - - - - -
 - - - - - - - - - - - - - - -
 - - - - - - - 2 - - - - - - -
 1 - - 1 - - - 2 - 2 1 1 - - -
 a b c d e f g h i j k l m n o
2:
 - - - - - - - - - - - - - - -
 - - - - - - - - - - - - - - -
 - - - - - - - - - - - - - - -
 - - - - - - - - - - - - - - -
 - - - - - - - - - - - - - - -
 - - - - - - - - - - - - - - -
 - - - - - - - - - - - - - - -
 - - - - - - - - - - - - - - -
 - - - - - - - - - - - - - - -
 - - - - - - - - - - - - - - -
 - - - - - - - - - - - - - - -
 - - - - - - - - - - - - - - -
 - - - - - - - - - - - - - - -
 - - - - - - - - - - - - - - -
 - - - - - - - - - - - - - - -
 - - - - - - - - - - - - - - -
 - - - - - - - - - - - - - - -
 - - - - - - - - - - - - - - -
 - - - - - - - - - - - - - - -
 - - - - - - - - - - - - - - -
 - - - - - - - - - - - - - - -
 - - - - - - - - - - - - - - -
 - - - - - - - - - - - - - - -
 - - - - - - - - - - - - - - -
 - - - 2 - - - 2 - - - - - - -
 1 - - 1 - - - 2 - 2 1 1 - - -
 a b c d e f g h i j k l m n o
1:
 - - - - - - - - - - - - - - -
 - - - - - - - - - - - - - - -
 - - - - - - - - - - - - - - -
 - - - - - - - - - - - - - - -
 - - - - - - - - - - - - - - -
 - - - - - - - - - - - - - - -
 - - - - - - - - - - - - - - -
 - - - - - - - - - - - - - - -
 - - - - - - - - - - - - - - -
 - - - - - - - - - - - - - - -
 - - - - - - - - - - - - - - -
 - - - - - - - - - - - - - - -
 - - - - - - - - - - - - - - -
 - - - - - - - - - - - - - - -
 - - - - - - - - - - - - - - -
 - - - - - - - - - - - - - - -
 - - - - - - - - - - - - - - -
 - - - - - - - - - - - - - - -
 - - - - - - - - - - - - - - -
 - - - - - - - - - - - - - - -
 - - - - - - - - - - - - - - -
 - - - - - - - - - - - - - - -
 - - - - - - - - - - - - - - -
 - - - - - - - - - - - - - - -
 - - - 2 - - - 2 - - - 1 - - -
 1 - - 1 - - - 2 - 2 1 1 - - -
 a b c d e f g h i j k l m n o
2:
 - - - - - - - - - - - - - - -
 - - - - - - - - - - - - - - -
 - - - - - - - - - - - - - - -
 - - - - - - - - - - - - - - -
 - - - - - - - - - - - - - - -
 - - - - - - - - - - - - - - -
 - - - - - - - - - - - - - - -
 - - - - - - - - - - - - - - -
 - - - - - - - - - - - - - - -
 - - - - - - - - - - - - - - -
 - - - - - - - - - - - - - - -
 - - - - - - - - - - - - - - -
 - - - - - - - - - - - - - - -
 - - - - - - - - - - - - - - -
 - - - - - - - - - - - - - - -
 - - - - - - - - - - - - - - -
 - - - - - - - - - - - - - - -
 - - - - - - - - - - - - - - -
 - - - - - - - - - - - - - - -
 - - - - - - - - - - - - - - -
 - - - - - - - - - - - - - - -
 - - - - - - - - - - - - - - -
 - - - - - - - - - - - - - - -
 - - - - - - - - - - - - - - -
 - - - 2 - - - 2 - - - 1 - - -
 1 - - 1 - - - 2 - 2 1 1 2 - -
 a b c d e f g h i j k l m n o
1:
 - - - - - - - - - - - - - - -
 - - - - - - - - - - - - - - -
 - - - - - - - - - - - - - - -
 - - - - - - - - - - - - - - -
 - - - - - - - - - - - - - - -
 - - - - - - - - - - - - - - -
 - - - - - - - - - - - - - - -
 - - - - - - - - - - - - - - -
 - - - - - - - - - - - - - - -
 - - - - - - - - - - - - - - -
 - - - - - - - - - - - - - - -
 - - - - - - - - - - - - - - -
 - - - - - - - - - - - - - - -
 - - - - - - - - - - - - - - -
 - - - - - - - - - - - - - - -
 - - - - - - - - - - - - - - -
 - - - - - - - - - - - - - - -
 - - - - - - - - - - - - - - -
 - - - - - - - - - - - - - - -
 - - - - - - - - - - - - - - -
 - - - - - - - - - - - - - - -
 - - - - - - - - - - - - - - -
 - - - - - - - - - - - - - - -
 - - - - - - - - - - - - - - -
 - - - 2 - - - 2 - - - 1 - - -
 1 - - 1 - - - 2 - 2 1 1 2 1 -
 a b c d e f g h i j k l m n o
2:
 - - - - - - - - - - - - - - -
 - - - - - - - - - - - - - - -
 - - - - - - - - - - - - - - -
 - - - - - - - - - - - - - - -
 - - - - - - - - - - - - - - -
 - - - - - - - - - - - - - - -
 - - - - - - - - - - - - - - -
 - - - - - - - - - - - - - - -
 - - - - - - - - - - - - - - -
 - - - - - - - - - - - - - - -
 - - - - - - - - - - - - - - -
 - - - - - - - - - - - - - - -
 - - - - - - - - - - - - - - -
 - - - - - - - - - - - - - - -
 - - - - - - - - - - - - - - -
 - - - - - - - - - - - - - - -
 - - - - - - - - - - - - - - -
 - - - - - - - - - - - - - - -
 - - - - - - - - - - - - - - -
 - - - - - - - - - - - - - - -
 - - - - - - - - - - - - - - -
 - - - - - - - - - - - - - - -
 - - - - - - - - - - - - - - -
 - - - - - - - - - - - - - - -
 - - - 2 - - - 2 - - - 1 - - -
 1 - - 1 - - - 2 2 2 1 1 2 1 -
 a b c d e f g h i j k l m n o
1:
 - - - - - - - - - - - - - - -
 - - - - - - - - - - - - - - -
 - - - - - - - - - - - - - - -
 - - - - - - - - - - - - - - -
 - - - - - - - - - - - - - - -
 - - - - - - - - - - - - - - -
 - - - - - - - - - - - - - - -
 - - - - - - - - - - - - - - -
 - - - - - - - - - - - - - - -
 - - - - - - - - - - - - - - -
 - - - - - - - - - - - - - - -
 - - - - - - - - - - - - - - -
 - - - - - - - - - - - - - - -
 - - - - - - - - - - - - - - -
 - - - - - - - - - - - - - - -
 - - - - - - - - - - - - - - -
 - - - - - - - - - - - - - - -
 - - - - - - - - - - - - - - -
 - - - - - - - - - - - - - - -
 - - - - - - - - - - - - - - -
 - - - - - - - - - - - - - - -
 - - - - - - - - - - - - - - -
 - - - - - - - - - - - - - - -
 - - - - - - - - - - - - - - -
 - - - 2 - - - 2 - - - 1 1 - -
 1 - - 1 - - - 2 2 2 1 1 2 1 -
 a b c d e f g h i j k l m n o
2:
 - - - - - - - - - - - - - - -
 - - - - - - - - - - - - - - -
 - - - - - - - - - - - - - - -
 - - - - - - - - - - - - - - -
 - - - - - - - - - - - - - - -
 - - - - - - - - - - - - - - -
 - - - - - - - - - - - - - - -
 - - - - - - - - - - - - - - -
 - - - - - - - - - - - - - - -
 - - - - - - - - - - - - - - -
 - - - - - - - - - - - - - - -
 - - - - - - - - - - - - - - -
 - - - - - - - - - - - - - - -
 - - - - - - - - - - - - - - -
 - - - - - - - - - - - - - - -
 - - - - - - - - - - - - - - -
 - - - - - - - - - - - - - - -
 - - - - - - - - - - - - - - -
 - - - - - - - - - - - - - - -
 - - - - - - - - - - - - - - -
 - - - - - - - - - - - - - - -
 - - - - - - - - - - - - - - -
 - - - - - - - - - - - - - - -
 - - - - - - - - - - - - - - -
 - - - 2 - - - 2 - - - 1 1 - -
 1 - 2 1 - - - 2 2 2 1 1 2 1 -
 a b c d e f g h i j k l m n o
1:
 - - - - - - - - - - - - - - -
 - - - - - - - - - - - - - - -
 - - - - - - - - - - - - - - -
 - - - - - - - - - - - - - - -
 - - - - - - - - - - - - - - -
 - - - - - - - - - - - - - - -
 - - - - - - - - - - - - - - -
 - - - - - - - - - - - - - - -
 - - - - - - - - - - - - - - -
 - - - - - - - - - - - - - - -
 - - - - - - - - - - - - - - -
 - - - - - - - - - - - - - - -
 - - - - - - - - - - - - - - -
 - - - - - - - - - - - - - - -
 - - - - - - - - - - - - - - -
 - - - - - - - - - - - - - - -
 - - - - - - - - - - - - - - -
 - - - - - - - - - - - - - - -
 - - - - - - - - - - - - - - -
 - - - - - - - - - - - - - - -
 - - - - - - - - - - - - - - -
 - - - - - - - - - - - - - - -
 - - - - - - - - - - - - - - -
 - - - - - - - - - - - - - - -
 - - - 2 - - - 2 - - - 1 1 - -
 1 1 2 1 - - - 2 2 2 1 1 2 1 -
 a b c d e f g h i j k l m n o
2:
 - - - - - - - - - - - - - - -
 - - - - - - - - - - - - - - -
 - - - - - - - - - - - - - - -
 - - - - - - - - - - - - - - -
 - - - - - - - - - - - - - - -
 - - - - - - - - - - - - - - -
 - - - - - - - - - - - - - - -
 - - - - - - - - - - - - - - -
 - - - - - - - - - - - - - - -
 - - - - - - - - - - - - - - -
 - - - - - - - - - - - - - - -
 - - - - - - - - - - - - - - -
 - - - - - - - - - - - - - - -
 - - - - - - - - - - - - - - -
 - - - - - - - - - - - - - - -
 - - - - - - - - - - - - - - -
 - - - - - - - - - - - - - - -
 - - - - - - - - - - - - - - -
 - - - - - - - - - - - - - - -
 - - - - - - - - - - - - - - -
 - - - - - - - - - - - - - - -
 - - - - - - - - - - - - - - -
 - - - - - - - - - - - - - - -
 - - - - - - - - - - - - - - -
 - - 2 2 - - - 2 - - - 1 1 - -
 1 1 2 1 - - - 2 2 2 1 1 2 1 -
 a b c d e f g h i j k l m n o
1:
 - - - - - - - - - - - - - - -
 - - - - - - - - - - - - - - -
 - - - - - - - - - - - - - - -
 - - - - - - - - - - - - - - -
 - - - - - - - - - - - - - - -
 - - - - - - - - - - - - - - -
 - - - - - - - - - - - - - - -
 - - - - - - - - - - - - - - -
 - - - - - - - - - - - - - - -
 - - - - - - - - - - - - - - -
 - - - - - - - - - - - - - - -
 - - - - - - - - - - - - - - -
 - - - - - - - - - - - - - - -
 - - - - - - - - - - - - - - -
 - - - - - - - - - - - - - - -
 - - - - - - - - - - - - - - -
 - - - - - - - - - - - - - - -
 - - - - - - - - - - - - - - -
 - - - - - - - - - - - - - - -
 - - - - - - - - - - - - - - -
 - - - - - - - - - - - - - - -
 - - - - - - - - - - - - - - -
 - - - - - - - - - - - - - - -
 - - 1 - - - - - - - - - - - -
 - - 2 2 - - - 2 - - - 1 1 - -
 1 1 2 1 - - - 2 2 2 1 1 2 1 -
 a b c d e f g h i j k l m n o
2:
 - - - - - - - - - - - - - - -
 - - - - - - - - - - - - - - -
 - - - - - - - - - - - - - - -
 - - - - - - - - - - - - - - -
 - - - - - - - - - - - - - - -
 - - - - - - - - - - - - - - -
 - - - - - - - - - - - - - - -
 - - - - - - - - - - - - - - -
 - - - - - - - - - - - - - - -
 - - - - - - - - - - - - - - -
 - - - - - - - - - - - - - - -
 - - - - - - - - - - - - - - -
 - - - - - - - - - - - - - - -
 - - - - - - - - - - - - - - -
 - - - - - - - - - - - - - - -
 - - - - - - - - - - - - - - -
 - - - - - - - - - - - - - - -
 - - - - - - - - - - - - - - -
 - - - - - - - - - - - - - - -
 - - - - - - - - - - - - - - -
 - - - - - - - - - - - - - - -
 - - - - - - - - - - - - - - -
 - - - - - - - - - - - - - - -
 - - 1 - - - - - - - - - - - -
 - - 2 2 - - - 2 - - - 1 1 - -
 1 1 2 1 - - - 2 2 2 1 1 2 1 2
 a b c d e f g h i j k l m n o
1:
 - - - - - - - - - - - - - - -
 - - - - - - - - - - - - - - -
 - - - - - - - - - - - - - - -
 - - - - - - - - - - - - - - -
 - - - - - - - - - - - - - - -
 - - - - - - - - - - - - - - -
 - - - - - - - - - - - - - - -
 - - - - - - - - - - - - - - -
 - - - - - - - - - - - - - - -
 - - - - - - - - - - - - - - -
 - - - - - - - - - - - - - - -
 - - - - - - - - - - - - - - -
 - - - - - - - - - - - - - - -
 - - - - - - - - - - - - - - -
 - - - - - - - - - - - - - - -
 - - - - - - - - - - - - - - -
 - - - - - - - - - - - - - - -
 - - - - - - - - - - - - - - -
 - - - - - - - - - - - - - - -
 - - - - - - - - - - - - - - -
 - - - - - - - - - - - - - - -
 - - - - - - - - - - - - - - -
 - - - - - - - - - - - - - - -
 - - 1 - - - - - - - - - - - -
 - - 2 2 - - - 2 - - - 1 1 - 1
 1 1 2 1 - - - 2 2 2 1 1 2 1 2
 a b c d e f g h i j k l m n o
2:
 - - - - - - - - - - - - - - -
 - - - - - - - - - - - - - - -
 - - - - - - - - - - - - - - -
 - - - - - - - - - - - - - - -
 - - - - - - - - - - - - - - -
 - - - - - - - - - - - - - - -
 - - - - - - - - - - - - - - -
 - - - - - - - - - - - - - - -
 - - - - - - - - - - - - - - -
 - - - - - - - - - - - - - - -
 - - - - - - - - - - - - - - -
 - - - - - - - - - - - - - - -
 - - - - - - - - - - - - - - -
 - - - - - - - - - - - - - - -
 - - - - - - - - - - - - - - -
 - - - - - - - - - - - - - - -
 - - - - - - - - - - - - - - -
 - - - - - - - - - - - - - - -
 - - - - - - - - - - - - - - -
 - - - - - - - - - - - - - - -
 - - - - - - - - - - - - - - -
 - - - - - - - - - - - - - - -
 - - - - - - - - - - - - - - -
 - - 1 - - - - - - - - - 2 - -
 - - 2 2 - - - 2 - - - 1 1 - 1
 1 1 2 1 - - - 2 2 2 1 1 2 1 2
 a b c d e f g h i j k l m n o
1:
 - - - - - - - - - - - - - - -
 - - - - - - - - - - - - - - -
 - - - - - - - - - - - - - - -
 - - - - - - - - - - - - - - -
 - - - - - - - - - - - - - - -
 - - - - - - - - - - - - - - -
 - - - - - - - - - - - - - - -
 - - - - - - - - - - - - - - -
 - - - - - - - - - - - - - - -
 - - - - - - - - - - - - - - -
 - - - - - - - - - - - - - - -
 - - - - - - - - - - - - - - -
 - - - - - - - - - - - - - - -
 - - - - - - - - - - - - - - -
 - - - - - - - - - - - - - - -
 - - - - - - - - - - - - - - -
 - - - - - - - - - - - - - - -
 - - - - - - - - - - - - - - -
 - - - - - - - - - - - - - - -
 - - - - - - - - - - - - - - -
 - - - - - - - - - - - - - - -
 - - - - - - - - - - - - - - -
 - - - - - - - - - - - - - - -
 - - 1 - - - - - - - - - 2 - -
 - - 2 2 - - - 2 - - - 1 1 - 1
 1 1 2 1 - 1 - 2 2 2 1 1 2 1 2
 a b c d e f g h i j k l m n o
2:
 - - - - - - - - - - - - - - -
 - - - - - - - - - - - - - - -
 - - - - - - - - - - - - - - -
 - - - - - - - - - - - - - - -
 - - - - - - - - - - - - - - -
 - - - - - - - - - - - - - - -
 - - - - - - - - - - - - - - -
 - - - - - - - - - - - - - - -
 - - - - - - - - - - - - - - -
 - - - - - - - - - - - - - - -
 - - - - - - - - - - - - - - -
 - - - - - - - - - - - - - - -
 - - - - - - - - - - - - - - -
 - - - - - - - - - - - - - - -
 - - - - - - - - - - - - - - -
 - - - - - - - - - - - - - - -
 - - - - - - - - - - - - - - -
 - - - - - - - - - - - - - - -
 - - - - - - - - - - - - - - -
 - - - - - - - - - - - - - - -
 - - - - - - - - - - - - - - -
 - - - - - - - - - - - - - - -
 - - - - - - - - - - - - - - -
 - - 1 - - - - - - - - - 2 - -
 - - 2 2 - - - 2 2 - - 1 1 - 1
 1 1 2 1 - 1 - 2 2 2 1 1 2 1 2
 a b c d e f g h i j k l m n o
1:
 - - - - - - - - - - - - - - -
 - - - - - - - - - - - - - - -
 - - - - - - - - - - - - - - -
 - - - - - - - - - - - - - - -
 - - - - - - - - - - - - - - -
 - - - - - - - - - - - - - - -
 - - - - - - - - - - - - - - -
 - - - - - - - - - - - - - - -
 - - - - - - - - - - - - - - -
 - - - - - - - - - - - - - - -
 - - - - - - - - - - - - - - -
 - - - - - - - - - - - - - - -
 - - - - - - - - - - - - - - -
 - - - - - - - - - - - - - - -
 - - - - - - - - - - - - - - -
 - - - - - - - - - - - - - - -
 - - - - - - - - - - - - - - -
 - - - - - - - - - - - - - - -
 - - - - - - - - - - - - - - -
 - - - - - - - - - - - - - - -
 - - - - - - - - - - - - - - -
 - - - - - - - - - - - - - - -
 - - - - - - - - - - - - - - -
 - - 1 - - - - - - - - - 2 - -
 - - 2 2 - - - 2 2 - - 1 1 1 1
 1 1 2 1 - 1 - 2 2 2 1 1 2 1 2
 a b c d e f g h i j k l m n o
2:
 - - - - - - - - - - - - - - -
 - - - - - - - - - - - - - - -
 - - - - - - - - - - - - - - -
 - - - - - - - - - - - - - - -
 - - - - - - - - - - - - - - -
 - - - - - - - - - - - - - - -
 - - - - - - - - - - - - - - -
 - - - - - - - - - - - - - - -
 - - - - - - - - - - - - - - -
 - - - - - - - - - - - - - - -
 - - - - - - - - - - - - - - -
 - - - - - - - - - - - - - - -
 - - - - - - - - - - - - - - -
 - - - - - - - - - - - - - - -
 - - - - - - - - - - - - - - -
 - - - - - - - - - - - - - - -
 - - - - - - - - - - - - - - -
 - - - - - - - - - - - - - - -
 - - - - - - - - - - - - - - -
 - - - - - - - - - - - - - - -
 - - - - - - - - - - - - - - -
 - - - - - - - - - - - - - - -
 - - - - - - - - - - - - - - -
 - - 1 - - - - - - - - - 2 - -
 - - 2 2 - 2 - 2 2 - - 1 1 1 1
 1 1 2 1 - 1 - 2 2 2 1 1 2 1 2
 a b c d e f g h i j k l m n o
1:
 - - - - - - - - - - - - - - -
 - - - - - - - - - - - - - - -
 - - - - - - - - - - - - - - -
 - - - - - - - - - - - - - - -
 - - - - - - - - - - - - - - -
 - - - - - - - - - - - - - - -
 - - - - - - - - - - - - - - -
 - - - - - - - - - - - - - - -
 - - - - - - - - - - - - - - -
 - - - - - - - - - - - - - - -
 - - - - - - - - - - - - - - -
 - - - - - - - - - - - - - - -
 - - - - - - - - - - - - - - -
 - - - - - - - - - - - - - - -
 - - - - - - - - - - - - - - -
 - - - - - - - - - - - - - - -
 - - - - - - - - - - - - - - -
 - - - - - - - - - - - - - - -
 - - - - - - - - - - - - - - -
 - - - - - - - - - - - - - - -
 - - - - - - - - - - - - - - -
 - - - - - - - - - - - - - - -
 - - - - - - - - - - - - - - -
 - - 1 - - - - - - - - - 2 1 -
 - - 2 2 - 2 - 2 2 - - 1 1 1 1
 1 1 2 1 - 1 - 2 2 2 1 1 2 1 2
 a b c d e f g h i j k l m n o
2:
 - - - - - - - - - - - - - - -
 - - - - - - - - - - - - - - -
 - - - - - - - - - - - - - - -
 - - - - - - - - - - - - - - -
 - - - - - - - - - - - - - - -
 - - - - - - - - - - - - - - -
 - - - - - - - - - - - - - - -
 - - - - - - - - - - - - - - -
 - - - - - - - - - - - - - - -
 - - - - - - - - - - - - - - -
 - - - - - - - - - - - - - - -
 - - - - - - - - - - - - - - -
 - - - - - - - - - - - - - - -
 - - - - - - - - - - - - - - -
 - - - - - - - - - - - - - - -
 - - - - - - - - - - - - - - -
 - - - - - - - - - - - - - - -
 - - - - - - - - - - - - - - -
 - - - - - - - - - - - - - - -
 - - - - - - - - - - - - - - -
 - - - - - - - - - - - - - - -
 - - - - - - - - - - - - - - -
 - - - - - - - - - - - - - - -
 - - 1 - - - - - - - - - 2 1 -
 - - 2 2 - 2 - 2 2 - 2 1 1 1 1
 1 1 2 1 - 1 - 2 2 2 1 1 2 1 2
 a b c d e f g h i j k l m n o
1:
 - - - - - - - - - - - - - - -
 - - - - - - - - - - - - - - -
 - - - - - - - - - - - - - - -
 - - - - - - - - - - - - - - -
 - - - - - - - - - - - - - - -
 - - - - - - - - - - - - - - -
 - - - - - - - - - - - - - - -
 - - - - - - - - - - - - - - -
 - - - - - - - - - - - - - - -
 - - - - - - - - - - - - - - -
 - - - - - - - - - - - - - - -
 - - - - - - - - - - - - - - -
 - - - - - - - - - - - - - - -
 - - - - - - - - - - - - - - -
 - - - - - - - - - - - - - - -
 - - - - - - - - - - - - - - -
 - - - - - - - - - - - - - - -
 - - - - - - - - - - - - - - -
 - - - - - - - - - - - - - - -
 - - - - - - - - - - - - - - -
 - - - - - - - - - - - - - - -
 - - - - - - - - - - - - - - -
 - - - - - - - - - - - - - - -
 - - 1 - - - - - - - 1 - 2 1 -
 - - 2 2 - 2 - 2 2 - 2 1 1 1 1
 1 1 2 1 - 1 - 2 2 2 1 1 2 1 2
 a b c d e f g h i j k l m n o
2:
 - - - - - - - - - - - - - - -
 - - - - - - - - - - - - - - -
 - - - - - - - - - - - - - - -
 - - - - - - - - - - - - - - -
 - - - - - - - - - - - - - - -
 - - - - - - - - - - - - - - -
 - - - - - - - - - - - - - - -
 - - - - - - - - - - - - - - -
 - - - - - - - - - - - - - - -
 - - - - - - - - - - - - - - -
 - - - - - - - - - - - - - - -
 - - - - - - - - - - - - - - -
 - - - - - - - - - - - - - - -
 - - - - - - - - - - - - - - -
 - - - - - - - - - - - - - - -
 - - - - - - - - - - - - - - -
 - - - - - - - - - - - - - - -
 - - - - - - - - - - - - - - -
 - - - - - - - - - - - - - - -
 - - - - - - - - - - - - - - -
 - - - - - - - - - - - - - - -
 - - - - - - - - - - - - - - -
 - - - - - - - - - - - - - - -
 - - 1 - - - - - - - 1 - 2 1 2
 - - 2 2 - 2 - 2 2 - 2 1 1 1 1
 1 1 2 1 - 1 - 2 2 2 1 1 2 1 2
 a b c d e f g h i j k l m n o
1:
 - - - - - - - - - - - - - - -
 - - - - - - - - - - - - - - -
 - - - - - - - - - - - - - - -
 - - - - - - - - - - - - - - -
 - - - - - - - - - - - - - - -
 - - - - - - - - - - - - - - -
 - - - - - - - - - - - - - - -
 - - - - - - - - - - - - - - -
 - - - - - - - - - - - - - - -
 - - - - - - - - - - - - - - -
 - - - - - - - - - - - - - - -
 - - - - - - - - - - - - - - -
 - - - - - - - - - - - - - - -
 - - - - - - - - - - - - - - -
 - - - - - - - - - - - - - - -
 - - - - - - - - - - - - - - -
 - - - - - - - - - - - - - - -
 - - - - - - - - - - - - - - -
 - - - - - - - - - - - - - - -
 - - - - - - - - - - - - - - -
 - - - - - - - - - - - - - - -
 - - - - - - - - - - - - - - -
 - - - - - - - - - - - - - - -
 - - 1 - - - - - - - 1 - 2 1 2
 1 - 2 2 - 2 - 2 2 - 2 1 1 1 1
 1 1 2 1 - 1 - 2 2 2 1 1 2 1 2
 a b c d e f g h i j k l m n o
2:
 - - - - - - - - - - - - - - -
 - - - - - - - - - - - - - - -
 - - - - - - - - - - - - - - -
 - - - - - - - - - - - - - - -
 - - - - - - - - - - - - - - -
 - - - - - - - - - - - - - - -
 - - - - - - - - - - - - - - -
 - - - - - - - - - - - - - - -
 - - - - - - - - - - - - - - -
 - - - - - - - - - - - - - - -
 - - - - - - - - - - - - - - -
 - - - - - - - - - - - - - - -
 - - - - - - - - - - - - - - -
 - - - - - - - - - - - - - - -
 - - - - - - - - - - - - - - -
 - - - - - - - - - - - - - - -
 - - - - - - - - - - - - - - -
 - - - - - - - - - - - - - - -
 - - - - - - - - - - - - - - -
 - - - - - - - - - - - - - - -
 - - - - - - - - - - - - - - -
 - - - - - - - - - - - - - - -
 - - 2 - - - - - - - - - - - -
 - - 1 - - - - - - - 1 - 2 1 2
 1 - 2 2 - 2 - 2 2 - 2 1 1 1 1
 1 1 2 1 - 1 - 2 2 2 1 1 2 1 2
 a b c d e f g h i j k l m n o
1:
 - - - - - - - - - - - - - - -
 - - - - - - - - - - - - - - -
 - - - - - - - - - - - - - - -
 - - - - - - - - - - - - - - -
 - - - - - - - - - - - - - - -
 - - - - - - - - - - - - - - -
 - - - - - - - - - - - - - - -
 - - - - - - - - - - - - - - -
 - - - - - - - - - - - - - - -
 - - - - - - - - - - - - - - -
 - - - - - - - - - - - - - - -
 - - - - - - - - - - - - - - -
 - - - - - - - - - - - - - - -
 - - - - - - - - - - - - - - -
 - - - - - - - - - - - - - - -
 - - - - - - - - - - - - - - -
 - - - - - - - - - - - - - - -
 - - - - - - - - - - - - - - -
 - - - - - - - - - - - - - - -
 - - - - - - - - - - - - - - -
 - - - - - - - - - - - - - - -
 - - - - - - - - - - - - - - -
 - - 2 - - - - - - - - - - - -
 - - 1 - - - - - 1 - 1 - 2 1 2
 1 - 2 2 - 2 - 2 2 - 2 1 1 1 1
 1 1 2 1 - 1 - 2 2 2 1 1 2 1 2
 a b c d e f g h i j k l m n o
2:
 - - - - - - - - - - - - - - -
 - - - - - - - - - - - - - - -
 - - - - - - - - - - - - - - -
 - - - - - - - - - - - - - - -
 - - - - - - - - - - - - - - -
 - - - - - - - - - - - - - - -
 - - - - - - - - - - - - - - -
 - - - - - - - - - - - - - - -
 - - - - - - - - - - - - - - -
 - - - - - - - - - - - - - - -
 - - - - - - - - - - - - - - -
 - - - - - - - - - - - - - - -
 - - - - - - - - - - - - - - -
 - - - - - - - - - - - - - - -
 - - - - - - - - - - - - - - -
 - - - - - - - - - - - - - - -
 - - - - - - - - - - - - - - -
 - - - - - - - - - - - - - - -
 - - - - - - - - - - - - - - -
 - - - - - - - - - - - - - - -
 - - - - - - - - - - - - - - -
 - - - - - - - - - - - - - - -
 - - 2 - - - - - - - - - - - -
 2 - 1 - - - - - 1 - 1 - 2 1 2
 1 - 2 2 - 2 - 2 2 - 2 1 1 1 1
 1 1 2 1 - 1 - 2 2 2 1 1 2 1 2
 a b c d e f g h i j k l m n o
1:
 - - - - - - - - - - - - - - -
 - - - - - - - - - - - - - - -
 - - - - - - - - - - - - - - -
 - - - - - - - - - - - - - - -
 - - - - - - - - - - - - - - -
 - - - - - - - - - - - - - - -
 - - - - - - - - - - - - - - -
 - - - - - - - - - - - - - - -
 - - - - - - - - - - - - - - -
 - - - - - - - - - - - - - - -
 - - - - - - - - - - - - - - -
 - - - - - - - - - - - - - - -
 - - - - - - - - - - - - - - -
 - - - - - - - - - - - - - - -
 - - - - - - - - - - - - - - -
 - - - - - - - - - - - - - - -
 - - - - - - - - - - - - - - -
 - - - - - - - - - - - - - - -
 - - - - - - - - - - - - - - -
 - - - - - - - - - - - - - - -
 - - - - - - - - - - - - - - -
 - - - - - - - - - - - - - - -
 1 - 2 - - - - - - - - - - - -
 2 - 1 - - - - - 1 - 1 - 2 1 2
 1 - 2 2 - 2 - 2 2 - 2 1 1 1 1
 1 1 2 1 - 1 - 2 2 2 1 1 2 1 2
 a b c d e f g h i j k l m n o
2:
 - - - - - - - - - - - - - - -
 - - - - - - - - - - - - - - -
 - - - - - - - - - - - - - - -
 - - - - - - - - - - - - - - -
 - - - - - - - - - - - - - - -
 - - - - - - - - - - - - - - -
 - - - - - - - - - - - - - - -
 - - - - - - - - - - - - - - -
 - - - - - - - - - - - - - - -
 - - - - - - - - - - - - - - -
 - - - - - - - - - - - - - - -
 - - - - - - - - - - - - - - -
 - - - - - - - - - - - - - - -
 - - - - - - - - - - - - - - -
 - - - - - - - - - - - - - - -
 - - - - - - - - - - - - - - -
 - - - - - - - - - - - - - - -
 - - - - - - - - - - - - - - -
 - - - - - - - - - - - - - - -
 - - - - - - - - - - - - - - -
 - - - - - - - - - - - - - - -
 - - - - - - - - - - - - - - -
 1 - 2 - - - - - - - - - - - 2
 2 - 1 - - - - - 1 - 1 - 2 1 2
 1 - 2 2 - 2 - 2 2 - 2 1 1 1 1
 1 1 2 1 - 1 - 2 2 2 1 1 2 1 2
 a b c d e f g h i j k l m n o
1:
 - - - - - - - - - - - - - - -
 - - - - - - - - - - - - - - -
 - - - - - - - - - - - - - - -
 - - - - - - - - - - - - - - -
 - - - - - - - - - - - - - - -
 - - - - - - - - - - - - - - -
 - - - - - - - - - - - - - - -
 - - - - - - - - - - - - - - -
 - - - - - - - - - - - - - - -
 - - - - - - - - - - - - - - -
 - - - - - - - - - - - - - - -
 - - - - - - - - - - - - - - -
 - - - - - - - - - - - - - - -
 - - - - - - - - - - - - - - -
 - - - - - - - - - - - - - - -
 - - - - - - - - - - - - - - -
 - - - - - - - - - - - - - - -
 - - - - - - - - - - - - - - -
 - - - - - - - - - - - - - - -
 - - - - - - - - - - - - - - -
 - - - - - - - - - - - - - - -
 - - 1 - - - - - - - - - - - -
 1 - 2 - - - - - - - - - - - 2
 2 - 1 - - - - - 1 - 1 - 2 1 2
 1 - 2 2 - 2 - 2 2 - 2 1 1 1 1
 1 1 2 1 - 1 - 2 2 2 1 1 2 1 2
 a b c d e f g h i j k l m n o
2:
 - - - - - - - - - - - - - - -
 - - - - - - - - - - - - - - -
 - - - - - - - - - - - - - - -
 - - - - - - - - - - - - - - -
 - - - - - - - - - - - - - - -
 - - - - - - - - - - - - - - -
 - - - - - - - - - - - - - - -
 - - - - - - - - - - - - - - -
 - - - - - - - - - - - - - - -
 - - - - - - - - - - - - - - -
 - - - - - - - - - - - - - - -
 - - - - - - - - - - - - - - -
 - - - - - - - - - - - - - - -
 - - - - - - - - - - - - - - -
 - - - - - - - - - - - - - - -
 - - - - - - - - - - - - - - -
 - - - - - - - - - - - - - - -
 - - - - - - - - - - - - - - -
 - - - - - - - - - - - - - - -
 - - - - - - - - - - - - - - -
 - - - - - - - - - - - - - - -
 - - 1 - - - - - - - - - - - -
 1 - 2 - - - - - - - - - - - 2
 2 - 1 - - 2 - - 1 - 1 - 2 1 2
 1 - 2 2 - 2 - 2 2 - 2 1 1 1 1
 1 1 2 1 - 1 - 2 2 2 1 1 2 1 2
 a b c d e f g h i j k l m n o
1:
 - - - - - - - - - - - - - - -
 - - - - - - - - - - - - - - -
 - - - - - - - - - - - - - - -
 - - - - - - - - - - - - - - -
 - - - - - - - - - - - - - - -
 - - - - - - - - - - - - - - -
 - - - - - - - - - - - - - - -
 - - - - - - - - - - - - - - -
 - - - - - - - - - - - - - - -
 - - - - - - - - - - - - - - -
 - - - - - - - - - - - - - - -
 - - - - - - - - - - - - - - -
 - - - - - - - - - - - - - - -
 - - - - - - - - - - - - - - -
 - - - - - - - - - - - - - - -
 - - - - - - - - - - - - - - -
 - - - - - - - - - - - - - - -
 - - - - - - - - - - - - - - -
 - - - - - - - - - - - - - - -
 - - - - - - - - - - - - - - -
 - - - - - - - - - - - - - - -
 - - 1 - - - - - - - - - - - -
 1 - 2 - - - - - - - - - - - 2
 2 - 1 - - 2 - - 1 - 1 1 2 1 2
 1 - 2 2 - 2 - 2 2 - 2 1 1 1 1
 1 1 2 1 - 1 - 2 2 2 1 1 2 1 2
 a b c d e f g h i j k l m n o
2:
 - - - - - - - - - - - - - - -
 - - - - - - - - - - - - - - -
 - - - - - - - - - - - - - - -
 - - - - - - - - - - - - - - -
 - - - - - - - - - - - - - - -
 - - - - - - - - - - - - - - -
 - - - - - - - - - - - - - - -
 - - - - - - - - - - - - - - -
 - - - - - - - - - - - - - - -
 - - - - - - - - - - - - - - -
 - - - - - - - - - - - - - - -
 - - - - - - - - - - - - - - -
 - - - - - - - - - - - - - - -
 - - - - - - - - - - - - - - -
 - - - - - - - - - - - - - - -
 - - - - - - - - - - - - - - -
 - - - - - - - - - - - - - - -
 - - - - - - - - - - - - - - -
 - - - - - - - - - - - - - - -
 - - - - - - - - - - - - - - -
 - - - - - - - - - - - - - - -
 - - 1 - - - - - - - - - - - -
 1 - 2 - - 2 - - - - - - - - 2
 2 - 1 - - 2 - - 1 - 1 1 2 1 2
 1 - 2 2 - 2 - 2 2 - 2 1 1 1 1
 1 1 2 1 - 1 - 2 2 2 1 1 2 1 2
 a b c d e f g h i j k l m n o
1:
 - - - - - - - - - - - - - - -
 - - - - - - - - - - - - - - -
 - - - - - - - - - - - - - - -
 - - - - - - - - - - - - - - -
 - - - - - - - - - - - - - - -
 - - - - - - - - - - - - - - -
 - - - - - - - - - - - - - - -
 - - - - - - - - - - - - - - -
 - - - - - - - - - - - - - - -
 - - - - - - - - - - - - - - -
 - - - - - - - - - - - - - - -
 - - - - - - - - - - - - - - -
 - - - - - - - - - - - - - - -
 - - - - - - - - - - - - - - -
 - - - - - - - - - - - - - - -
 - - - - - - - - - - - - - - -
 - - - - - - - - - - - - - - -
 - - - - - - - - - - - - - - -
 - - - - - - - - - - - - - - -
 - - - - - - - - - - - - - - -
 - - - - - - - - - - - - - - -
 - - 1 - - - - - - - - - - - -
 1 - 2 - - 2 - - - - 1 - - - 2
 2 - 1 - - 2 - - 1 - 1 1 2 1 2
 1 - 2 2 - 2 - 2 2 - 2 1 1 1 1
 1 1 2 1 - 1 - 2 2 2 1 1 2 1 2
 a b c d e f g h i j k l m n o
2:
 - - - - - - - - - - - - - - -
 - - - - - - - - - - - - - - -
 - - - - - - - - - - - - - - -
 - - - - - - - - - - - - - - -
 - - - - - - - - - - - - - - -
 - - - - - - - - - - - - - - -
 - - - - - - - - - - - - - - -
 - - - - - - - - - - - - - - -
 - - - - - - - - - - - - - - -
 - - - - - - - - - - - - - - -
 - - - - - - - - - - - - - - -
 - - - - - - - - - - - - - - -
 - - - - - - - - - - - - - - -
 - - - - - - - - - - - - - - -
 - - - - - - - - - - - - - - -
 - - - - - - - - - - - - - - -
 - - - - - - - - - - - - - - -
 - - - - - - - - - - - - - - -
 - - - - - - - - - - - - - - -
 - - - - - - - - - - - - - - -
 - - - - - - - - - - - - - - -
 - - 1 - - - - - - - - - - - -
 1 - 2 - - 2 - - - - 1 - - - 2
 2 - 1 - - 2 - - 1 - 1 1 2 1 2
 1 2 2 2 - 2 - 2 2 - 2 1 1 1 1
 1 1 2 1 - 1 - 2 2 2 1 1 2 1 2
 a b c d e f g h i j k l m n o
1:
 - - - - - - - - - - - - - - -
 - - - - - - - - - - - - - - -
 - - - - - - - - - - - - - - -
 - - - - - - - - - - - - - - -
 - - - - - - - - - - - - - - -
 - - - - - - - - - - - - - - -
 - - - - - - - - - - - - - - -
 - - - - - - - - - - - - - - -
 - - - - - - - - - - - - - - -
 - - - - - - - - - - - - - - -
 - - - - - - - - - - - - - - -
 - - - - - - - - - - - - - - -
 - - - - - - - - - - - - - - -
 - - - - - - - - - - - - - - -
 - - - - - - - - - - - - - - -
 - - - - - - - - - - - - - - -
 - - - - - - - - - - - - - - -
 - - - - - - - - - - - - - - -
 - - - - - - - - - - - - - - -
 - - - - - - - - - - - - - - -
 - - - - - - - - - - - - - - -
 - - 1 - - - - - - - - - - - -
 1 - 2 - - 2 - - - - 1 - - - 2
 2 - 1 - - 2 - - 1 - 1 1 2 1 2
 1 2 2 2 - 2 - 2 2 - 2 1 1 1 1
 1 1 2 1 - 1 1 2 2 2 1 1 2 1 2
 a b c d e f g h i j k l m n o
1!
