8..44618264970620227505617
80336698239486810907905034
55539312569025723747529430
94462153977627787602527429
35790724067780235706785219
76684374993276570709251020
53178405197781825928221111
59368081481219533332331382
62580995577295568947906669
08919348407496567871271149
17203695361141477760506257
11854360805847989286613417
61060619833595438330314851
77282483173831330624140400
19242772129325905384682616
20422707637952390834266879
39325267092761331316791084
80951458046880252987737125
55992084705320066345041559
21369795660178435848874456
31350229937128495598824860
74853617005184125628411694
63561873991074343614274190
88148820583035860939572735
45022236874507923547320866
17754785591285712239448728
92567989649018288622994994
87165321928314704160236285
62628631097016335586984170
18633872366385038293973587
75087887176844640757044051
87756554847826667686550101
97244643237821841345932819
35561678336167133250291434
39520205968010881797801327
96754212419779673188126590
26978592602876888675758499
48185998140906565583479524
53262253760020670244796451
47712744994894693223176457
63371997839316129657619083
61405892496165714208917103
77583115646303155896640704
36610466229782718484052481
56433856272393473836680919
28057876506921769399286998
29991028707331068107468506
38909764703930076064627771
75837761851306146533082018
99920977157014120007215905
