...................111001.
.........0.........111011.
.........0.......11110110.
.........10......11110000.
........010.....111000010.
.....1..1100....011011011.
.....0..0000....000000111.
....11..1010....101000011.
....011.11001...101000101.
...1111010001..0101000010.
...11000110010.0101000110.
...11111110111.0100111111.
...11011000011.0001011001.
...11001010000.0001111110.
...0001111000110010110010.
...1101001010101100010011.
...1101010110111010101111.
...0010000110011110000001.
...0100101110100111101001.
...1111010101010111111001.
..11101001011010101001100.
1.10001011111101110110010.
1111101101011111001000101.
1011110000110110011011000.
1101001011111101110000101.
1010110001110111111111101.
1110100101101011011111011.
1111010011011111101011110.
1111111111111111000010010.
1011000111111111101101001.
1101110110011111000111111.
1111101100111111000000101.
1111111110101111100111101.
1111001110000111010100111.
1111111101111000110011000.
1001001011000100110111100.
1000011011100011111110000.
1111011111000110011111001.
1111011011011000001101001.
1111111111101100101000101.
1111111110010000010000100.
1001011111000100000010000.
1101110111100011101001110.
1110111010001000101000010.
1111110110010010101110110.
1111100111001111110100111.
1011000010001001001001010.
1110111011000110010000011.
1111100111001011011010000.
1110011110000001001100011.
