...00222110001011220200201
...20012101011200220221121
20010021120222222110202021
01100202020210001000021121
20200102201011220100101202
00020110101200222101101212
22201020221221212002212021
11001201012120020121001200
12011111101101000200110221
22222110222222121212212210
11101120220210022002210200
01100112102201020210002221
11200201010120020210000122
00200210021012112010211212
00111102112201002221021120
12021100211102212020210200
21021201201021020100002222
12122202122001222221202020
22210112212001112202112202
20002201201212212000200221
21100020110112012122121210
22012211022102021200010211
12110101021110221020001011
20210122121001111112222121
22101222211002001210001122
00210200202001202101220020
20102202100122022001101120
10012212102020020121110102
10012020220100012220000000
10210102202210012122122120
10101012221111112111002210
20210220001110112021220101
01210110101102000112021120
12221201102120112110002200
20001202011201000211021200
21220020002201122001021000
01110120112221200121212121
20102002221221111222211102
22102221010212102100221012
11120002120212221201112000
00111211122220110002100000
00001011000201201202022010
00210110202121121002212202
01022120021000201021111102
21212011222212222202101112
22100020211112210201220012
10112111000002111201012222
12110101112220120210221000
00210120201120202002111021
10101020112102100100110212
