...4305443306510100050622.
...1623054346310322636215.
...6204440464250100203554.
...6242262664512201661045.
4.65531004431144353364666.
5.06252016516461002422356.
5.54555224204506034366311.
6635304535145462023405200.
2512632106624004006523211.
1656152032563140651404665.
1326565041322406666022606.
1530011460455031655303135.
1411231421412432256662266.
2440052301130115366503302.
6566436262603102406606112.
1432225351362020545360136.
1410220462332542503562132.
6462226114521564512441504.
4512544414636565516125021.
5563255421554031111134610.
1512535331445160065564651.
1122020560612642623161305.
3620113240545352312363331.
6622126540543660125120015.
5523440521563010546125640.
4636561233214143642455365.
6534260315154430014123542.
5455152155636433016404342.
1402550121204535016354115.
1132003435135265023466302.
1142022314223060631054163.
4403466611060253423213124.
2355233624202550363300252.
3511214010114060513260302.
5605104466011544046200535.
5200316242215002110416335.
5442412325144063533543246.
3442340460104434446216142.
6165543354642540510622154.
5155402541544533431046234.
1560362236113214344603625.
2644105032445430525362431.
5146363456104330405524111.
4124562460645313153116520.
2502121420560033022146534.
3530406404104210543515401.
1344113266104314220453113.
4242161633440513602165653.
4236235360414325423615615.
5544301531066425024424242.
