............1000001100010111111000010010111100100.
............1110011010100110111001110001010111010.
............0000010001000000100101110110011110101.
...........01100101101110110100011100011011011001.
...........11000111001011101011111100110011100100.
..........000001101100111010011001111110111101100.
..........000111110111010100101010001011111101111.
..........001100101010000010110100000111001100111.
..........010100001110111011000101010111010101100.
..........110111110101010001111101101011110110111.
.........0011011010110000001100001111000000010001.
.........0010000001110111001111000101101010100111.
.........0111101110101100010111000100110000100001.
........00010011001000010001100111110110111100001.
......0.01110000001100110110011101110101010001101.
......0.00100101110100000101000001000010111100011.
......0.01000110111101001100101010000011001000111.
......0.00010011110100100101010001110110001001101.
......0.01000011011000110010000010011000101100101.
......0.00000010100000001100101011111111001111010.
..0...0.00001000110111011000010100110111100110110.
..00.00000011000101011111000011011110101001000111.
..00000010111110000010010001000101000100000110100.
..00000010100001010011011101010011101011010000011.
..00000011001011101001100001110100011000000010101.
..00000101110101100101100010100010100101011110110.
0.00100100100010111000000111100001001101111001111.
0.00000011110111101100011000100101111100111001000.
0000000010001111110011101110100110110110101101011.
0000000000100011000101101110011010011000001100000.
0000000000000001011100110000100110110011001011110.
0010001110010000011001110010101000110101000011100.
0011001111100110100100010000001100110110101111010.
0001100110000111000110000110010010111000100010110.
0000011011101010000000000110000001001101100001111.
0011100010100011010011111110010111100110011100011.
0000001111101110000111100011010011011001000101011.
0001101110011001100011110111100011011001001110111.
0000110111100011101000010000011011010101000010111.
0000011110111100111110011010010100011101000110110.
0011101101000100001011111101011011101011110100001.
0000000010100001100111011111011010110111101010001.
0011011001110100000111101010011100011110010010100.
0000110000001000000110100101011100010010110001000.
0001001000010010100101001010110101010101010001111.
0000010000011100100111010011011010111001010001100.
0000100101001001101001011010011010100100001000011.
0000000000111001111110101011110001010001110010011.
0000000001000101110011110000011101110101010010010.
0000000010000100111100100000011001111000100000111.
