.....20010120202222120002201222211000021202011112.
....121001210021221111122100221121200222110021212.
....222121100000121122012012012112101012121221111.
...0201101102211100021121122222202001020102112000.
...0202202210022022002102022000002222021011120021.
...0112221112001112200010221112221110001110020110.
..12221011222102222112022222002211202200112020021.
..01121112100112022010211111121222020222101112012.
..20110022020100021202200012220021000112012000010.
..11102121220201222001000120212221001010012020100.
..01120000211011100202211010012020002102002102001.
.010010112021212222022100020012010212101011000200.
.200102121211202202122221220110001120121121112202.
.121220011111121220220210020202222200121121220121.
.012200020220120222200210212210112210200211021212.
.001221021221120202010122111110112112200122212102.
.220001000212212011112122020212111121211222221102.
.121221212010212001222022202111021221210210102202.
2212102000111012212021222121121111012100120010000.
0020020101010010102020210101110011202022120121212.
2000202212021020021120002220212202101122002221200.
2001211210101222010000002120211020110021001020212.
2022120100222101222200011222021211102102121122021.
2012021102221110010121011102010011212000210210122.
0221120111112111000020120212202200111001212120020.
0021120010020221220200212201202210200111212110001.
0001022002020212221201010200202122002111200002122.
2212100002021211212102022001101110010122110220122.
0222120021222200121100220020210212221022100112001.
2211222202221202111111120021101011022012120210122.
0122011001010200012101010001011011012121000102012.
2201222110120101121021200002221111122202001002210.
0020211110120112100100112120112111122120022222102.
0001020211011001122212220112001002120111002001202.
0022020010012002100210101200121120000202110212212.
0021112111022101000021012101002200221021120022222.
2012221102110202000010111200202221012200110112021.
0200110212022121210112101211222100102212001102010.
0211021212002222122221102100022010011212000102112.
2101022001121211200112212220221022101211212202120.
2220012112202021021110011022000022211121210020012.
2222101121212212210222201110120210021102001020001.
2021011222002112001212010221111201122200120211210.
2111021110000121122000021111011022100122111000101.
0022012021012201112010022121221022011112112100120.
0202112212102122212010022100222000100122012221221.
0120201000112022221020210020001000100211210021001.
2222110211111011202011221010020021200111201000202.
2012020200002001000220222110100012201012012122001.
0200120200222212101210210211202122212100212110001.
