0210..45106323003641406002620320604534643525151432
34516031441656612432031446401415312423034452666650
24460500561554502312212510466134443346415451206131
34103201406141550405206230200106133061031161050610
33023400505554064434365650221542503254060650004604
33365645516653054261552262335615422425014344412606
64644160262520251004353426131645653605651145604464
11650325335055462651340630415515412445155216363416
01233554212061066232360062250110405641632645555346
51144233015163360011543643064462430416110112123331
06444315123026625103440623155045230640335053126646
32015310052341355114366662525323651406662043626662
64463516003525153536344666651546610510144025546426
31535465144364044462036121531603363035650442165060
10214163515015036630253625205121656320351615531230
33516524410252052204140532626260166434441146115305
33364364254133450415121663126513400136546020630564
06266231434012644102066131303104054440063164461423
02331463220505341463442513341306065146035121522024
04333124011426554456305215131064505515163310204646
31660654235046235203025524146545066161033564450134
43146405622033341561316462011543413631122522101132
51304632014401056116424466464366305564551012051340
35224664003423400321504504626236004440262523313033
55241362633144434453505214212140042666340116651060
14414462445064564661126452516416006162241003433140
61115030306022562610222561322024151306313054111253
20206226650242561303630340113632600540604422245164
32555262143336613412262304552450643046555413134365
55436421604233015626653662254206630150642501335326
62652505343166556243641565065123352612422614552064
52446225444420011212633663136216156112645065654263
16054012545414155666052331441310031142001346252010
14436435054146601031424452512630044251454115153056
66642431534114055564212322263133206615546353520245
51241355644002563556302340261362406134321665551416
60305166614115165221335211411641113105144004530065
12163606406004145120534503665635225020436360034664
40413232552006515253200210004426365552061205231043
42452204521116050635611453603441546165160020043635
16643561433145556140410105451004626554624334601624
46660654420401265254613506230104005644622625025303
31604041656606216233040561130044245154526345234215
53246166501501146441621605400455634122163366232132
22056535315051053553551341055312245555323154601532
00440416114013531635216261046002240626155222414222
01320164005164364031343130513605534000611234452262
30356412260504436466225626663430214531443530116011
32351324503153322455304034202032120631022224365522
06636610041315246636323546343120662605250046240666
