 - - - -
 - - - -
 - - - -
 - - - -
 - - - -
 - - - -
 - - - -
 - - - -
 - - - -
 - - - -
 - - - -
 - - - -
 - - - -
 - - - -
 - - - -
 - - - -
 - - - -
 - - - -
 - - - -
 - - - -
 - - - -
 - - - -
 - - - -
 - - - -
 - - - -
 - - - -
 a b c d
1:
 - - - -
 - - - -
 - - - -
 - - - -
 - - - -
 - - - -
 - - - -
 - - - -
 - - - -
 - - - -
 - - - -
 - - - -
 - - - -
 - - - -
 - - - -
 - - - -
 - - - -
 - - - -
 - - - -
 - - - -
 - - - -
 - - - -
 - - - -
 - - - -
 - - - -
 1 - - -
 a b c d
2:
 - - - -
 - - - -
 - - - -
 - - - -
 - - - -
 - - - -
 - - - -
 - - - -
 - - - -
 - - - -
 - - - -
 - - - -
 - - - -
 - - - -
 - - - -
 - - - -
 - - - -
 - - - -
 - - - -
 - - - -
 - - - -
 - - - -
 - - - -
 - - - -
 - - - -
 1 2 - -
 a b c d
1:
 - - - -
 - - - -
 - - - -
 - - - -
 - - - -
 - - - -
 - - - -
 - - - -
 - - - -
 - - - -
 - - - -
 - - - -
 - - - -
 - - - -
 - - - -
 - - - -
 - - - -
 - - - -
 - - - -
 - - - -
 - - - -
 - - - -
 - - - -
 - - - -
 - 1 - -
 1 2 - -
 a b c d
1!
