 - - - - - - - - - - - - - - - - - - - - - - - - -
 - - - - - - - - - - - - - - - - - - - - - - - - -
 a b c d e f g h i j k l m n o p q r s t u v w x y
1:
 - - - - - - - - - - - - - - - - - - - - - - - - -
 - - - - - - - - - - - - - - - 1 - - - - - - - - -
 a b c d e f g h i j k l m n o p q r s t u v w x y
2:
 - - - - - - - - - - - - - - - - - - - - - - - - -
 - - - - - - - 2 - - - - - - - 1 - - - - - - - - -
 a b c d e f g h i j k l m n o p q r s t u v w x y
1:
 - - - - - - - - - - - - - - - - - - - - - - - - -
 - - - - - - - 2 - - - - - - - 1 - - - - - - - - 1
 a b c d e f g h i j k l m n o p q r s t u v w x y
2:
 - - - - - - - - - - - - - - - - - - - - - - - - -
 - - - - - - - 2 2 - - - - - - 1 - - - - - - - - 1
 a b c d e f g h i j k l m n o p q r s t u v w x y
2!
